warning: you don't have Internet access; disabling some network-dependent features
warning: Git tree '/home/leonne/Config' is dirty
building the system configuration...
warning: you don't have Internet access; disabling some network-dependent features
warning: Git tree '/home/leonne/Config' is dirty
updating GRUB 2 menu...
Warning: os-prober will be executed to detect other bootable partitions.
Its output will be used to detect bootable binaries on them and create new boot entries.
lsblk: /dev/mapper/no*[0-9]: not a block device
lsblk: /dev/mapper/block*[0-9]: not a block device
lsblk: /dev/mapper/devices*[0-9]: not a block device
lsblk: /dev/mapper/found*[0-9]: not a block device
Found Windows Boot Manager on /dev/nvme0n1p1@/efi/Microsoft/Boot/bootmgfw.efi
stopping the following units: clamav-daemon.service, clamav-fangfrisch.timer, clamav-freshclam.timer, clamdscan.timer, system-clamav.slice
activating the configuration...
removing group ‘clamav’
removing user ‘clamav’
setting up /etc...
removing obsolete symlink ‘/etc/clamav/clamd.conf’...
removing obsolete symlink ‘/etc/clamav/freshclam.conf’...
reloading user units for leonne...
restarting sysinit-reactivation.target
reloading the following units: dbus.service
restarting the following units: polkit.service
the following new units were started: libvirtd.service, NetworkManager-dispatcher.service, sysinit-reactivation.target, systemd-ask-password-console.path, systemd-tmpfiles-resetup.service
warning: the following units failed: home-manager-leonne.service
× home-manager-leonne.service - Home Manager environment for leonne
     Loaded: loaded (/etc/systemd/system/home-manager-leonne.service; enabled; preset: ignored)
     Active: failed (Result: exit-code) since Wed 2025-02-19 16:31:15 CET; 304ms ago
 Invocation: 53ac28db029e46d3a26cbb24df735511
    Process: 20534 ExecStart=/nix/store/zwqi7z0mbisqrzrgr55sqlnrmfvc3w28-hm-setup-env /nix/store/0ffn708sflycs6z0l6bi1zvn3grimylr-home-manager-generation (code=exited, status=1/FAILURE)
   Main PID: 20534 (code=exited, status=1/FAILURE)
         IP: 0B in, 0B out
         IO: 0B read, 0B written
   Mem peak: 5M
        CPU: 220ms

févr. 19 16:31:15 nixos hm-activate-leonne[20663]: Please do one of the following:
févr. 19 16:31:15 nixos hm-activate-leonne[20663]: - Move or remove the above files and try again.
févr. 19 16:31:15 nixos hm-activate-leonne[20663]: - In standalone mode, use 'home-manager switch -b backup' to back up
févr. 19 16:31:15 nixos hm-activate-leonne[20663]:   files automatically.
févr. 19 16:31:15 nixos hm-activate-leonne[20663]: - When used as a NixOS or nix-darwin module, set
févr. 19 16:31:15 nixos hm-activate-leonne[20663]:     'home-manager.backupFileExtension'
févr. 19 16:31:15 nixos hm-activate-leonne[20663]:   to, for example, 'backup' and rebuild.
févr. 19 16:31:15 nixos systemd[1]: home-manager-leonne.service: Main process exited, code=exited, status=1/FAILURE
févr. 19 16:31:15 nixos systemd[1]: home-manager-leonne.service: Failed with result 'exit-code'.
févr. 19 16:31:15 nixos systemd[1]: Failed to start Home Manager environment for leonne.
warning: error(s) occurred while switching to the new configuration
